ANTLR runtime and generated code versions disagree: 4.9.2!=4.7.2
ANTLR runtime and generated code versions disagree: 4.9.2!=4.7.2
line 194:21 extraneous input '.' expecting {'from', '{', '}', '(', 'for', 'function', 'address', 'calldata', 'if', 'assembly', 'return', 'byte', 'let', '=:', 'switch', DecimalNumber, HexNumber, HexLiteral, 'break', 'continue', Identifier, StringLiteral}
line 198:22 extraneous input '.' expecting {<EOF>, 'pragma', '~', 'import', 'from', '{', '}', 'contract', 'interface', 'library', '(', 'using', 'for', 'struct', 'constructor', 'modifier', 'function', 'event', 'enum', '[', 'address', 'mapping', 'calldata', 'if', 'while', 'assembly', 'do', 'return', 'throw', 'emit', 'var', 'bool', 'string', 'byte', '++', '--', 'new', '+', '-', 'after', 'delete', '!', 'let', '=:', 'switch', Int, Uint, Byte, Fixed, Ufixed, BooleanLiteral, DecimalNumber, HexNumber, HexLiteral, 'break', 'continue', Identifier, StringLiteral}
line 202:21 extraneous input '.' expecting {<EOF>, 'pragma', '~', 'import', 'from', '{', '}', 'contract', 'interface', 'library', '(', 'using', 'for', 'struct', 'constructor', 'modifier', 'function', 'event', 'enum', '[', 'address', 'mapping', 'calldata', 'if', 'while', 'assembly', 'do', 'return', 'throw', 'emit', 'var', 'bool', 'string', 'byte', '++', '--', 'new', '+', '-', 'after', 'delete', '!', 'let', '=:', 'switch', Int, Uint, Byte, Fixed, Ufixed, BooleanLiteral, DecimalNumber, HexNumber, HexLiteral, 'break', 'continue', Identifier, StringLiteral}
line 1746:0 extraneous input 'abstract' expecting {<EOF>, 'pragma', 'import', 'contract', 'interface', 'library'}
line 1760:15 extraneous input 'payable' expecting {';', '~', 'from', '(', '[', 'address', 'calldata', 'var', 'bool', 'string', 'byte', '++', '--', 'new', '+', '-', 'after', 'delete', '!', Int, Uint, Byte, Fixed, Ufixed, BooleanLiteral, DecimalNumber, HexNumber, HexLiteral, Identifier, StringLiteral}
line 1902:0 extraneous input 'abstract' expecting {<EOF>, 'pragma', 'import', 'contract', 'interface', 'library'}
line 2007:0 extraneous input 'abstract' expecting {<EOF>, 'pragma', 'import', 'contract', 'interface', 'library'}
line 2009:15 extraneous input 'payable' expecting {';', '~', 'from', '(', '[', 'address', 'calldata', 'var', 'bool', 'string', 'byte', '++', '--', 'new', '+', '-', 'after', 'delete', '!', Int, Uint, Byte, Fixed, Ufixed, BooleanLiteral, DecimalNumber, HexNumber, HexLiteral, Identifier, StringLiteral}
line 2035:0 extraneous input 'abstract' expecting {<EOF>, 'pragma', 'import', 'contract', 'interface', 'library'}
line 2102:0 extraneous input 'abstract' expecting {<EOF>, 'pragma', 'import', 'contract', 'interface', 'library'}
line 2150:13 mismatched input '(' expecting {'from', 'calldata', 'constant', 'internal', 'private', 'public', Identifier}
line 2150:41 extraneous input '{' expecting {'from', 'calldata', 'constant', 'internal', 'private', 'public', Identifier}
line 2151:17 mismatched input '(' expecting {';', '='}
line 2158:4 extraneous input 'receive' expecting {<EOF>, 'pragma', 'import', 'contract', 'interface', 'library'}
line 2229:41 missing ';' at '{'
line 2229:48 no viable alternative at input 'value:'
line 2291:61 missing ';' at '{'
line 2291:68 no viable alternative at input 'value:'
line 2665:30 no viable alternative at input 'proxy.upgradeToAndCall{'
line 2665:36 no viable alternative at input 'value:'
line 3131:40 missing ';' at '{'
line 3131:44 no viable alternative at input 'gas:'
line 3131:55 missing ';' at '}'
line 3156:9 mismatched input '(' expecting {'from', 'calldata', 'constant', 'internal', 'private', 'public', Identifier}
line 3158:0 extraneous input '}' expecting {<EOF>, 'pragma', 'import', 'contract', 'interface', 'library'}
line 3193:32 extraneous input '_000' expecting ';'
line 3196:38 extraneous input '_000' expecting ';'
line 3205:11 mismatched input '(' expecting {'from', 'calldata', 'constant', 'internal', 'private', 'public', Identifier}
line 3206:24 extraneous input '(' expecting {'from', 'calldata', 'constant', 'internal', 'private', 'public', Identifier}
line 3206:28 mismatched input '.' expecting {';', '='}
line 3206:35 extraneous input ',' expecting {'from', 'calldata', 'constant', 'internal', 'private', 'public', Identifier}
line 3206:40 mismatched input '.' expecting {';', '='}
line 3206:46 mismatched input ')' expecting {'from', 'calldata', 'constant', 'internal', 'private', 'public', Identifier}
line 3212:4 extraneous input 'function' expecting {<EOF>, 'pragma', 'import', 'contract', 'interface', 'library'}
Traceback (most recent call last):
  File "conkas.py", line 143, in <module>
    main()
  File "conkas.py", line 80, in main
    solc_version = get_solc_version_string(file)
  File "conkas.py", line 21, in get_solc_version_string
    parsed = parse(file.read().decode('utf-8'))
  File "/usr/local/lib/python3.8/dist-packages/solidity_parser/parser.py", line 1023, in parse
    return ast.visit(getattr(parser, start)())
  File "/usr/local/lib/python3.8/dist-packages/solidity_parser/parser.py", line 92, in visit
    return super().visit(tree)
  File "/usr/local/lib/python3.8/dist-packages/antlr4/tree/Tree.py", line 34, in visit
    return tree.accept(self)
  File "/usr/local/lib/python3.8/dist-packages/solidity_parser/solidity_antlr4/SolidityParser.py", line 842, in accept
    return visitor.visitSourceUnit(self)
  File "/usr/local/lib/python3.8/dist-packages/solidity_parser/parser.py", line 114, in visitSourceUnit
    children=self.visit(ctx.children[:-1]))  # skip EOF
  File "/usr/local/lib/python3.8/dist-packages/solidity_parser/parser.py", line 90, in visit
    return self._visit_nodes(tree)
  File "/usr/local/lib/python3.8/dist-packages/solidity_parser/parser.py", line 104, in _visit_nodes
    childResult = c.accept(self)
  File "/usr/local/lib/python3.8/dist-packages/solidity_parser/solidity_antlr4/SolidityParser.py", line 1475, in accept
    return visitor.visitContractDefinition(self)
  File "/usr/local/lib/python3.8/dist-packages/solidity_parser/parser.py", line 995, in visitContractDefinition
    subNodes=self.visit(ctx.contractPart()),
  File "/usr/local/lib/python3.8/dist-packages/solidity_parser/parser.py", line 90, in visit
    return self._visit_nodes(tree)
  File "/usr/local/lib/python3.8/dist-packages/solidity_parser/parser.py", line 104, in _visit_nodes
    childResult = c.accept(self)
  File "/usr/local/lib/python3.8/dist-packages/solidity_parser/solidity_antlr4/SolidityParser.py", line 1673, in accept
    return visitor.visitContractPart(self)
  File "/usr/local/lib/python3.8/dist-packages/solidity_parser/parser.py", line 144, in visitContractPart
    return self.visit(ctx.children[0])
  File "/usr/local/lib/python3.8/dist-packages/solidity_parser/parser.py", line 92, in visit
    return super().visit(tree)
  File "/usr/local/lib/python3.8/dist-packages/antlr4/tree/Tree.py", line 34, in visit
    return tree.accept(self)
  File "/usr/local/lib/python3.8/dist-packages/solidity_parser/solidity_antlr4/SolidityParser.py", line 1801, in accept
    return visitor.visitStateVariableDeclaration(self)
  File "/usr/local/lib/python3.8/dist-packages/solidity_parser/parser.py", line 586, in visitStateVariableDeclaration
    name = iden.getText()
AttributeError: 'NoneType' object has no attribute 'getText'
