/sb/vul.sol:1:1: Compiler version ^0.8.14 does not satisfy the ^0.5.8 semver requirement [Error/compiler-version]
/sb/vul.sol:32:9: Error message for require is too long [Warning/reason-string]
/sb/vul.sol:81:5: Function name must be in mixedCase [Warning/func-name-mixedcase]
/sb/vul.sol:85:5: Function name must be in mixedCase [Warning/func-name-mixedcase]
/sb/vul.sol:123:5: Function name must be in mixedCase [Warning/func-name-mixedcase]
/sb/vul.sol:127:5: Function name must be in mixedCase [Warning/func-name-mixedcase]
/sb/vul.sol:127:62: Code contains empty blocks [Warning/no-empty-blocks]
/sb/vul.sol:164:5: Function name must be in mixedCase [Warning/func-name-mixedcase]
/sb/vul.sol:169:5: Function name must be in mixedCase [Warning/func-name-mixedcase]
/sb/vul.sol:625:9: Avoid to use inline assembly. It is acceptable only in rare cases [Warning/no-inline-assembly]
/sb/vul.sol:698:9: Avoid to use inline assembly. It is acceptable only in rare cases [Warning/no-inline-assembly]
/sb/vul.sol:733:9: Avoid to use inline assembly. It is acceptable only in rare cases [Warning/no-inline-assembly]
/sb/vul.sol:758:28: Avoid to use low level calls. [Warning/avoid-low-level-calls]
/sb/vul.sol:759:9: Error message for require is too long [Warning/reason-string]
/sb/vul.sol:829:9: Error message for require is too long [Warning/reason-string]
/sb/vul.sol:832:51: Avoid to use low level calls. [Warning/avoid-low-level-calls]
/sb/vul.sol:857:9: Error message for require is too long [Warning/reason-string]
/sb/vul.sol:884:9: Error message for require is too long [Warning/reason-string]
/sb/vul.sol:886:51: Avoid to use low level calls. [Warning/avoid-low-level-calls]
/sb/vul.sol:908:17: Avoid to use inline assembly. It is acceptable only in rare cases [Warning/no-inline-assembly]
/sb/vul.sol:954:9: Avoid to use inline assembly. It is acceptable only in rare cases [Warning/no-inline-assembly]
/sb/vul.sol:973:9: Avoid to use inline assembly. It is acceptable only in rare cases [Warning/no-inline-assembly]
/sb/vul.sol:994:9: Avoid to use inline assembly. It is acceptable only in rare cases [Warning/no-inline-assembly]
/sb/vul.sol:1082:9: Avoid to use inline assembly. It is acceptable only in rare cases [Warning/no-inline-assembly]
/sb/vul.sol:1153:5: Function name must be in mixedCase [Warning/func-name-mixedcase]
/sb/vul.sol:1158:5: Function name must be in mixedCase [Warning/func-name-mixedcase]
/sb/vul.sol:1173:42: Use double quotes for string literals [Error/quotes]
/sb/vul.sol:1197:46: Use double quotes for string literals [Error/quotes]
/sb/vul.sol:1203:52: Use double quotes for string literals [Error/quotes]
/sb/vul.sol:1269:47: Use double quotes for string literals [Error/quotes]
/sb/vul.sol:1275:58: Use double quotes for string literals [Error/quotes]
/sb/vul.sol:1285:46: Use double quotes for string literals [Error/quotes]
/sb/vul.sol:1286:48: Use double quotes for string literals [Error/quotes]
/sb/vul.sol:1287:48: Use double quotes for string literals [Error/quotes]
/sb/vul.sol:1288:9: Error message for require is too long [Warning/reason-string]
/sb/vul.sol:1288:47: Use double quotes for string literals [Error/quotes]
/sb/vul.sol:1320:9: Provide an error message for require [Warning/reason-string]
/sb/vul.sol:1330:9: Provide an error message for require [Warning/reason-string]
/sb/vul.sol:1344:50: Use double quotes for string literals [Error/quotes]
/sb/vul.sol:1361:9: Error message for require is too long [Warning/reason-string]
/sb/vul.sol:1361:56: Use double quotes for string literals [Error/quotes]
/sb/vul.sol:1362:9: Error message for require is too long [Warning/reason-string]
/sb/vul.sol:1364:13: Use double quotes for string literals [Error/quotes]
/sb/vul.sol:1366:56: Use double quotes for string literals [Error/quotes]
/sb/vul.sol:1367:50: Use double quotes for string literals [Error/quotes]
/sb/vul.sol:1389:9: Error message for require is too long [Warning/reason-string]
/sb/vul.sol:1391:13: Use double quotes for string literals [Error/quotes]
/sb/vul.sol:1419:40: Use double quotes for string literals [Error/quotes]
/sb/vul.sol:1450:30: Use double quotes for string literals [Error/quotes]
/sb/vul.sol:1451:38: Use double quotes for string literals [Error/quotes]
/sb/vul.sol:1480:61: Use double quotes for string literals [Error/quotes]
/sb/vul.sol:1681:41: Use double quotes for string literals [Error/quotes]
/sb/vul.sol:1751:13: Error message for require is too long [Warning/reason-string]
/sb/vul.sol:1751:32: Use double quotes for string literals [Error/quotes]
/sb/vul.sol:1776:13: Error message for require is too long [Warning/reason-string]
/sb/vul.sol:1776:32: Use double quotes for string literals [Error/quotes]
/sb/vul.sol:1801:9: Provide an error message for require [Warning/reason-string]
/sb/vul.sol:1809:9: Provide an error message for require [Warning/reason-string]
/sb/vul.sol:1878:45: Use double quotes for string literals [Error/quotes]

59 problems
