INFO:Slither:Compilation warnings/errors on /sb/Exchange.sol:
[91mError: Documentation tag @openzeppelin/contracts-ethereum-package not valid for contracts.[0m
    --> /sb/Exchange.sol:2038:1:
     |
2038 | /**
     | ^ (Relevant source part starts here and spans across multiple lines).

[91mError: Return argument type address is not implicitly convertible to expected type (type of first return variable) address payable.[0m
   --> /sb/Exchange.sol:749:16:
    |
749 |         return msg.sender;
    |                ^^^^^^^^^^

Warning: Visibility for constructor is ignored. If you want the contract to be non-deployable, making it "abstract" is sufficient.
   --> /sb/Exchange.sol:804:5:
    |
804 |     constructor(string memory name_, string memory symbol_) public {
    |     ^ (Relevant source part starts here and spans across multiple lines).

[91mError: Explicit type conversion not allowed from "int112" to "uint256".[0m
    --> /sb/Exchange.sol:1135:26:
     |
1135 |         require(result < uint256(type(int112).max), "E3U");
     |                          ^^^^^^^^^^^^^^^^^^^^^^^^^

[91mError: Explicit type conversion not allowed from "uint256" to "int112".[0m
    --> /sb/Exchange.sol:1136:21:
     |
1136 |         baseValue = int112(result);
     |                     ^^^^^^^^^^^^^^

[91mError: Explicit type conversion not allowed from "int112" to "uint256".[0m
    --> /sb/Exchange.sol:1156:26:
     |
1156 |         require(result < uint256(type(int112).max), "E3U");
     |                          ^^^^^^^^^^^^^^^^^^^^^^^^^

[91mError: Explicit type conversion not allowed from "uint256" to "int112".[0m
    --> /sb/Exchange.sol:1157:24:
     |
1157 |         decimalValue = int112(result);
     |                        ^^^^^^^^^^^^^^

[91mError: Operator * not compatible with types int256 and uint8[0m
    --> /sb/Exchange.sol:1549:34:
     |
1549 |         c = int192((a > 65536) ? (a / d) * b : (a * b) / d);
     |                                  ^^^^^^^^^^^

[91mError: Operator * not compatible with types int256 and uint8[0m
    --> /sb/Exchange.sol:1549:49:
     |
1549 |         c = int192((a > 65536) ? (a / d) * b : (a * b) / d);
     |                                                 ^^^^^

[91mError: Operator * not compatible with types int256 and uint64[0m
    --> /sb/Exchange.sol:1604:35:
     |
1604 |             int256 _assetValue = (int256(balance) * price) / 1e8;
     |                                   ^^^^^^^^^^^^^^^^^^^^^^^

[91mError: Operator * not compatible with types int256 and uint64[0m
    --> /sb/Exchange.sol:1660:45:
     |
1660 |             int192 liabilityValue = int192((int256(balance) * price) / 1e8);
     |                                             ^^^^^^^^^^^^^^^^^^^^^^^

[91mError: Explicit type conversion not allowed from "uint64" to "int192".[0m
    --> /sb/Exchange.sol:1717:13:
     |
1717 |             int192(lockedAmount),
     |             ^^^^^^^^^^^^^^^^^^^^

[91mError: Operator += not compatible with types int192 and uint64[0m
    --> /sb/Exchange.sol:1721:9:
     |
1721 |         totalPosition += lockedAmount;
     |         ^^^^^^^^^^^^^^^^^^^^^^^^^^^^^

[91mError: Operator >= not compatible with types int192 and uint112[0m
    --> /sb/Exchange.sol:1824:17:
     |
1824 |         require(assetBalances[liquidator][redeemedAsset] >= amount, "E8");
     |                 ^^^^^^^^^^^^^^^^^^^^^^^^^^^^^^^^^^^^^^^^^^^^^^^^^^

[91mError: Operator -= not compatible with types int192 and uint112[0m
    --> /sb/Exchange.sol:1826:9:
     |
1826 |         assetBalances[liquidator][redeemedAsset] -= amount;
     |         ^^^^^^^^^^^^^^^^^^^^^^^^^^^^^^^^^^^^^^^^^^^^^^^^^^

[91mError: Operator += not compatible with types int192 and uint112[0m
    --> /sb/Exchange.sol:1827:9:
     |
1827 |         assetBalances[constants.user][redeemedAsset] += amount;
     |         ^^^^^^^^^^^^^^^^^^^^^^^^^^^^^^^^^^^^^^^^^^^^^^^^^^^^^^

[91mError: Explicit type conversion not allowed from "enum MarginalFunctionality.PositionState" to "int256".[0m
    --> /sb/Exchange.sol:1860:13:
     |
1860 |             int(finalPosition.state) < 3 && //POSITIVE,NEGATIVE or OVERDUE
     |             ^^^^^^^^^^^^^^^^^^^^^^^^

[91mError: Explicit type conversion not allowed from "uint112" to "int256".[0m
    --> /sb/Exchange.sol:1885:39:
     |
1885 |         int192 _orionAmount = int192((int256(amount) * price) / 1e8);
     |                                       ^^^^^^^^^^^^^^

[91mError: Operator * not compatible with types int256 and uint64[0m
    --> /sb/Exchange.sol:1885:39:
     |
1885 |         int192 _orionAmount = int192((int256(amount) * price) / 1e8);
     |                                       ^^^^^^^^^^^^^^^^^^^^^^

[91mError: True expression's type tuple(int64,int64) does not match false expression's type tuple(uint8,int64).[0m
    --> /sb/Exchange.sol:1893:15:
     |
1893 |             : (onBalanceOrion > 0)
     |               ^ (Relevant source part starts here and spans across multiple lines).

[91mError: True expression's type tuple(int64,uint8) does not match false expression's type tuple(int64,int64).[0m
    --> /sb/Exchange.sol:1891:48:
     |
1891 |         (int64 fromBalance, int64 fromStake) = (onBalanceOrion > orionAmount)
     |                                                ^ (Relevant source part starts here and spans across multiple lines).

[91mError: Type uint8 is not implicitly convertible to expected type int64.[0m
    --> /sb/Exchange.sol:1891:9:
     |
1891 |         (int64 fromBalance, int64 fromStake) = (onBalanceOrion > orionAmount)
     |         ^ (Relevant source part starts here and spans across multiple lines).

[91mError: Return argument type address is not implicitly convertible to expected type (type of first return variable) address payable.[0m
    --> /sb/Exchange.sol:2062:16:
     |
2062 |         return msg.sender;
     |                ^^^^^^^^^^

[91mError: Operator += not compatible with types int192 and uint64[0m
    --> /sb/Exchange.sol:2278:13:
     |
2278 |             assetBalances[user][address(_orionToken)] += stake.amount;
     |             ^^^^^^^^^^^^^^^^^^^^^^^^^^^^^^^^^^^^^^^^^^^^^^^^^^^^^^^^^

[91mError: Operator > not compatible with types int192 and uint64[0m
    --> /sb/Exchange.sol:2295:17:
     |
2295 |         require(assetBalances[user][address(_orionToken)] > amount, "E1S");
     |                 ^^^^^^^^^^^^^^^^^^^^^^^^^^^^^^^^^^^^^^^^^^^^^^^^^^

[91mError: Operator -= not compatible with types int192 and uint64[0m
    --> /sb/Exchange.sol:2298:9:
     |
2298 |         assetBalances[user][address(_orionToken)] -= amount;
     |         ^^^^^^^^^^^^^^^^^^^^^^^^^^^^^^^^^^^^^^^^^^^^^^^^^^^

[91mError: Operator += not compatible with types int192 and uint64[0m
    --> /sb/Exchange.sol:2328:9:
     |
2328 |         assetBalances[receiver][address(_orionToken)] += amount;
     |         ^^^^^^^^^^^^^^^^^^^^^^^^^^^^^^^^^^^^^^^^^^^^^^^^^^^^^^^

[91mError: Explicit type conversion not allowed from "int192" to "uint112".[0m
    --> /sb/Exchange.sol:2585:42:
     |
2585 |             (uint256(order.matcherFee) * uint112(totalFilled)) / order.amount
     |                                          ^^^^^^^^^^^^^^^^^^^^

[91mError: Explicit type conversion not allowed from "uint256" to "int192".[0m
    --> /sb/Exchange.sol:2584:25:
     |
2584 |         totalFeesPaid = int192(
     |                         ^ (Relevant source part starts here and spans across multiple lines).

[91mError: Explicit type conversion not allowed from "int112" to "uint256".[0m
    --> /sb/Exchange.sol:2705:32:
     |
2705 |         uint256 amountInBase = uint256(
     |                                ^ (Relevant source part starts here and spans across multiple lines).

[91mError: Explicit type conversion not allowed from "uint112" to "int256".[0m
    --> /sb/Exchange.sol:2755:25:
     |
2755 |                 ? (-1 * int(amountBase), int(amountQuote))
     |                         ^^^^^^^^^^^^^^^

[91mError: Explicit type conversion not allowed from "uint112" to "int256".[0m
    --> /sb/Exchange.sol:2755:42:
     |
2755 |                 ? (-1 * int(amountBase), int(amountQuote))
     |                                          ^^^^^^^^^^^^^^^^

[91mError: Explicit type conversion not allowed from "uint112" to "int256".[0m
    --> /sb/Exchange.sol:2756:25:
     |
2756 |                 : (-1 * int(amountQuote), int(amountBase));
     |                         ^^^^^^^^^^^^^^^^

[91mError: Explicit type conversion not allowed from "uint112" to "int256".[0m
    --> /sb/Exchange.sol:2756:43:
     |
2756 |                 : (-1 * int(amountQuote), int(amountBase));
     |                                           ^^^^^^^^^^^^^^^

[91mError: Operator -= not compatible with types int256 and uint64[0m
    --> /sb/Exchange.sol:2764:17:
     |
2764 |                 amountOut -= order.matcherFee;
     |                 ^^^^^^^^^^^^^^^^^^^^^^^^^^^^^

[91mError: Operator -= not compatible with types int256 and uint64[0m
    --> /sb/Exchange.sol:2766:17:
     |
2766 |                 amountIn -= order.matcherFee;
     |                 ^^^^^^^^^^^^^^^^^^^^^^^^^^^^

[91mError: Explicit type conversion not allowed from "uint64" to "int256".[0m
    --> /sb/Exchange.sol:2771:26:
     |
2771 |                     -1 * int256(order.matcherFee)
     |                          ^^^^^^^^^^^^^^^^^^^^^^^^

[91mError: Invalid type for argument in function call. Invalid implicit conversion from uint64 to int256 requested.[0m
    --> /sb/Exchange.sol:2782:17:
     |
2782 |                 order.matcherFee
     |                 ^^^^^^^^^^^^^^^^

[91mError: Explicit type conversion not allowed from "int112" to "uint256".[0m
    --> /sb/Exchange.sol:2797:33:
     |
2797 |             uint amountInBase = uint(
     |                                 ^ (Relevant source part starts here and spans across multiple lines).

[91mError: Explicit type conversion not allowed from "int256" to "uint112".[0m
    --> /sb/Exchange.sol:2832:17:
     |
2832 |                 uint112(amount),
     |                 ^^^^^^^^^^^^^^^


INFO:SlitherSolcParsing:No contract were found in /sb/Exchange.sol, check the correct compilation
WARNING:Slither:[91mNo contract was analyzed[0m
INFO:Slither:/sb/Exchange.sol analyzed (0 contracts), 0 result(s) found
