2023-05-23 16:35:41,564: [11] m.main:INFO: Registered plugins: IntrospectionAPIPlugin, <class 'manticore.ethereum.plugins.SkipRevertBasicBlocks'>, <class 'manticore.ethereum.plugins.FilterFunctions'>
2023-05-23 16:35:41,567: [11] m.main:INFO: Beginning analysis
2023-05-23 16:35:41,576: [11] m.e.manticore:INFO: Starting symbolic create contract
2023-05-23 16:35:44,543: [11] m.e.manticore:INFO: Failed to create contract: exception in constructor
2023-05-23 16:35:44,694: [11] m.c.manticore:INFO: Results in /mcore_01ri5x9l
2023-05-23 16:35:44,695: [11] m.c.manticore:INFO: Total time: 0.9019222259521484
2023-05-23 16:35:45,808: [53] m.main:INFO: Registered plugins: IntrospectionAPIPlugin, <class 'manticore.ethereum.plugins.SkipRevertBasicBlocks'>, <class 'manticore.ethereum.plugins.FilterFunctions'>
2023-05-23 16:35:45,808: [53] m.main:INFO: Beginning analysis
2023-05-23 16:35:45,813: [53] m.e.manticore:INFO: Starting symbolic create contract
2023-05-23 16:35:47,997: [53] m.e.manticore:INFO: Failed to create contract: exception in constructor
2023-05-23 16:35:48,123: [53] m.c.manticore:INFO: Results in /mcore_9zdh4bbm
2023-05-23 16:35:48,124: [53] m.c.manticore:INFO: Total time: 1.1323821544647217
2023-05-23 16:35:48,623: [101] m.main:INFO: Registered plugins: IntrospectionAPIPlugin, <class 'manticore.ethereum.plugins.SkipRevertBasicBlocks'>, <class 'manticore.ethereum.plugins.FilterFunctions'>
2023-05-23 16:35:48,624: [101] m.main:INFO: Beginning analysis
2023-05-23 16:35:48,625: [101] m.e.manticore:INFO: Starting symbolic create contract
2023-05-23 16:35:52,282: [101] m.e.manticore:INFO: Failed to create contract: exception in constructor
2023-05-23 16:35:52,369: [101] m.c.manticore:INFO: Results in /mcore_7ysd8rvj
2023-05-23 16:35:52,369: [101] m.c.manticore:INFO: Total time: 2.818114757537842
2023-05-23 16:35:52,964: [143] m.main:INFO: Registered plugins: IntrospectionAPIPlugin, <class 'manticore.ethereum.plugins.SkipRevertBasicBlocks'>, <class 'manticore.ethereum.plugins.FilterFunctions'>
2023-05-23 16:35:52,965: [143] m.main:INFO: Beginning analysis
2023-05-23 16:35:52,967: [143] m.e.manticore:INFO: Starting symbolic create contract
2023-05-23 16:36:48,850: [143] m.e.manticore:INFO: Failed to create contract: exception in constructor
2023-05-23 16:36:48,899: [143] m.c.manticore:INFO: Results in /mcore_epswgtek
2023-05-23 16:36:48,899: [143] m.c.manticore:INFO: Total time: 54.89250421524048
2023-05-23 16:36:49,808: [185] m.main:INFO: Registered plugins: IntrospectionAPIPlugin, <class 'manticore.ethereum.plugins.SkipRevertBasicBlocks'>, <class 'manticore.ethereum.plugins.FilterFunctions'>
2023-05-23 16:36:49,808: [185] m.main:INFO: Beginning analysis
2023-05-23 16:36:49,809: [185] m.e.manticore:INFO: Starting symbolic create contract
2023-05-23 16:36:50,566: [185] m.e.manticore:INFO: Failed to create contract: exception in constructor
2023-05-23 16:36:50,599: [185] m.c.manticore:INFO: Results in /mcore_c8oife2_
2023-05-23 16:36:50,599: [185] m.c.manticore:INFO: Total time: 0.2493150234222412
2023-05-23 16:36:50,855: [227] m.main:INFO: Registered plugins: IntrospectionAPIPlugin, <class 'manticore.ethereum.plugins.SkipRevertBasicBlocks'>, <class 'manticore.ethereum.plugins.FilterFunctions'>
2023-05-23 16:36:50,855: [227] m.main:INFO: Beginning analysis
2023-05-23 16:36:50,856: [227] m.e.manticore:INFO: Starting symbolic create contract
2023-05-23 16:36:52,151: [227] m.e.manticore:INFO: Failed to create contract: exception in constructor
2023-05-23 16:36:52,208: [227] m.c.manticore:INFO: Results in /mcore_nycy_hys
2023-05-23 16:36:52,208: [227] m.c.manticore:INFO: Total time: 0.7522015571594238
2023-05-23 16:36:52,540: [275] m.main:INFO: Registered plugins: IntrospectionAPIPlugin, <class 'manticore.ethereum.plugins.SkipRevertBasicBlocks'>, <class 'manticore.ethereum.plugins.FilterFunctions'>
2023-05-23 16:36:52,540: [275] m.main:INFO: Beginning analysis
2023-05-23 16:36:52,542: [275] m.e.manticore:INFO: Starting symbolic create contract
2023-05-23 16:36:53,622: [275] m.e.manticore:INFO: Failed to create contract: exception in constructor
2023-05-23 16:36:53,672: [275] m.c.manticore:INFO: Results in /mcore_pv0nt_4s
2023-05-23 16:36:53,673: [275] m.c.manticore:INFO: Total time: 0.2895340919494629
2023-05-23 16:36:53,972: [317] m.main:INFO: Registered plugins: IntrospectionAPIPlugin, <class 'manticore.ethereum.plugins.SkipRevertBasicBlocks'>, <class 'manticore.ethereum.plugins.FilterFunctions'>
2023-05-23 16:36:53,973: [317] m.main:INFO: Beginning analysis
2023-05-23 16:36:53,974: [317] m.e.manticore:INFO: Starting symbolic create contract
2023-05-23 16:36:54,992: [317] m.e.manticore:INFO: Failed to create contract: exception in constructor
2023-05-23 16:36:55,032: [317] m.c.manticore:INFO: Results in /mcore_ta8bi565
2023-05-23 16:36:55,032: [317] m.c.manticore:INFO: Total time: 0.28021788597106934
2023-05-23 16:36:55,324: [359] m.main:INFO: Registered plugins: IntrospectionAPIPlugin, <class 'manticore.ethereum.plugins.SkipRevertBasicBlocks'>, <class 'manticore.ethereum.plugins.FilterFunctions'>
2023-05-23 16:36:55,324: [359] m.main:INFO: Beginning analysis
2023-05-23 16:36:55,325: [359] m.e.manticore:INFO: Starting symbolic create contract
2023-05-23 16:37:49,741: [359] m.e.manticore:INFO: Failed to create contract: exception in constructor
2023-05-23 16:37:49,776: [359] m.c.manticore:INFO: Results in /mcore_jomhkggz
2023-05-23 16:37:49,776: [359] m.c.manticore:INFO: Total time: 53.19637966156006
2023-05-23 16:37:50,630: [400] m.main:INFO: Registered plugins: IntrospectionAPIPlugin, <class 'manticore.ethereum.plugins.SkipRevertBasicBlocks'>, <class 'manticore.ethereum.plugins.FilterFunctions'>
2023-05-23 16:37:50,630: [400] m.main:INFO: Beginning analysis
2023-05-23 16:37:50,631: [400] m.e.manticore:INFO: Starting symbolic create contract
2023-05-23 16:37:51,907: [400] m.e.manticore:INFO: Failed to create contract: exception in constructor
2023-05-23 16:37:51,957: [400] m.c.manticore:INFO: Results in /mcore_icpizyh6
2023-05-23 16:37:51,957: [400] m.c.manticore:INFO: Total time: 0.6936988830566406
2023-05-23 16:37:52,238: [448] m.main:INFO: Registered plugins: IntrospectionAPIPlugin, <class 'manticore.ethereum.plugins.SkipRevertBasicBlocks'>, <class 'manticore.ethereum.plugins.FilterFunctions'>
2023-05-23 16:37:52,238: [448] m.main:INFO: Beginning analysis
2023-05-23 16:37:52,239: [448] m.e.manticore:INFO: Starting symbolic create contract
2023-05-23 16:42:32,462: [448] m.e.manticore:INFO: Failed to create contract: exception in constructor
2023-05-23 16:42:32,534: [448] m.c.manticore:INFO: Results in /mcore_h3oiudpe
2023-05-23 16:42:32,535: [448] m.c.manticore:INFO: Total time: 213.66849637031555
2023-05-23 16:42:32,787: [491] m.main:INFO: Registered plugins: IntrospectionAPIPlugin, <class 'manticore.ethereum.plugins.SkipRevertBasicBlocks'>, <class 'manticore.ethereum.plugins.FilterFunctions'>
2023-05-23 16:42:32,787: [491] m.main:INFO: Beginning analysis
2023-05-23 16:42:32,788: [491] m.e.manticore:INFO: Starting symbolic create contract
2023-05-23 16:42:33,535: [491] m.e.manticore:INFO: Failed to create contract: exception in constructor
2023-05-23 16:42:33,576: [491] m.c.manticore:INFO: Results in /mcore_aijd8g67
2023-05-23 16:42:33,576: [491] m.c.manticore:INFO: Total time: 0.24265098571777344
2023-05-23 16:42:33,829: [533] m.main:INFO: Registered plugins: IntrospectionAPIPlugin, <class 'manticore.ethereum.plugins.SkipRevertBasicBlocks'>, <class 'manticore.ethereum.plugins.FilterFunctions'>
2023-05-23 16:42:33,829: [533] m.main:INFO: Beginning analysis
2023-05-23 16:42:33,830: [533] m.e.manticore:INFO: Starting symbolic create contract
2023-05-23 16:43:17,865: [533] m.e.manticore:INFO: Failed to create contract: exception in constructor
2023-05-23 16:43:17,930: [533] m.c.manticore:INFO: Results in /mcore_o6ktyss7
2023-05-23 16:43:17,930: [533] m.c.manticore:INFO: Total time: 33.876460313797
2023-05-23 16:43:18,280: [576] m.main:INFO: Registered plugins: IntrospectionAPIPlugin, <class 'manticore.ethereum.plugins.SkipRevertBasicBlocks'>, <class 'manticore.ethereum.plugins.FilterFunctions'>
2023-05-23 16:43:18,281: [576] m.main:INFO: Beginning analysis
2023-05-23 16:43:18,282: [576] m.e.manticore:INFO: Starting symbolic create contract
2023-05-23 16:43:21,776: [576] m.e.manticore:INFO: Failed to create contract: exception in constructor
2023-05-23 16:43:21,801: [576] m.c.manticore:INFO: Results in /mcore_aj5jt23g
2023-05-23 16:43:21,802: [576] m.c.manticore:INFO: Total time: 2.228828191757202
2023-05-23 16:43:22,167: [617] m.main:INFO: Registered plugins: IntrospectionAPIPlugin, <class 'manticore.ethereum.plugins.SkipRevertBasicBlocks'>, <class 'manticore.ethereum.plugins.FilterFunctions'>
2023-05-23 16:43:22,167: [617] m.main:INFO: Beginning analysis
2023-05-23 16:43:22,168: [617] m.e.manticore:INFO: Starting symbolic create contract
2023-05-23 16:43:22,932: [617] m.e.manticore:INFO: Failed to create contract: exception in constructor
2023-05-23 16:43:22,972: [617] m.c.manticore:INFO: Results in /mcore_z1wnoh6q
2023-05-23 16:43:22,972: [617] m.c.manticore:INFO: Total time: 0.2509787082672119
