INFO:Slither:Compilation warnings/errors on /sb/flattened.sol:
Warning: This declaration shadows an existing declaration.
    --> /sb/flattened.sol:3368:55:
     |
3368 |         (address swapTarget, address allowanceTarget, bytes memory data) = abi.decode(data, (address,address,bytes));
     |                                                       ^^^^^^^^^^^^^^^^^
Note: The shadowed declaration is here:
    --> /sb/flattened.sol:3363:70:
     |
3363 |     function _trySwap(Types.Order calldata order, IDexRouter router, bytes calldata data) external returns (bool success, string memory failReason) {
     |                                                                      ^^^^^^^^^^^^^^^^^^^

Warning: Visibility for constructor is ignored. If you want the contract to be non-deployable, making it "abstract" is sufficient.
    --> /sb/flattened.sol:2043:5:
     |
2043 |     constructor () internal {
     |     ^ (Relevant source part starts here and spans across multiple lines).

Warning: Visibility for constructor is ignored. If you want the contract to be non-deployable, making it "abstract" is sufficient.
    --> /sb/flattened.sol:2385:5:
     |
2385 |     constructor(address _logic, bytes memory _data) public payable {
     |     ^ (Relevant source part starts here and spans across multiple lines).

Warning: Visibility for constructor is ignored. If you want the contract to be non-deployable, making it "abstract" is sufficient.
    --> /sb/flattened.sol:2472:5:
     |
2472 |     constructor(address _logic, address admin_, bytes memory _data) public payable UpgradeableProxy(_logic, _data) {
     |     ^ (Relevant source part starts here and spans across multiple lines).

Warning: Unused function parameter. Remove or comment out the variable name to silence this warning.
    --> /sb/flattened.sol:3356:52:
     |
3356 |     function _preActions(Types.Order memory order, IDexRouter router) internal {
     |                                                    ^^^^^^^^^^^^^^^^^


ERROR:root:Error in /sb/flattened.sol
ERROR:root:Traceback (most recent call last):
  File "/usr/local/lib/python3.6/dist-packages/slither_analyzer-0.6.1-py3.6.egg/slither/__main__.py", line 564, in main_impl
    (results, number_contracts) = process(filename, args, detector_classes, printer_classes)
  File "/usr/local/lib/python3.6/dist-packages/slither_analyzer-0.6.1-py3.6.egg/slither/__main__.py", line 53, in process
    triage_mode=args.triage_mode)
  File "/usr/local/lib/python3.6/dist-packages/slither_analyzer-0.6.1-py3.6.egg/slither/slither.py", line 58, in __init__
    self._analyze_contracts()
  File "/usr/local/lib/python3.6/dist-packages/slither_analyzer-0.6.1-py3.6.egg/slither/solc_parsing/slitherSolc.py", line 243, in _analyze_contracts
    self._analyze_first_part(contracts_to_be_analyzed, libraries)
  File "/usr/local/lib/python3.6/dist-packages/slither_analyzer-0.6.1-py3.6.egg/slither/solc_parsing/slitherSolc.py", line 290, in _analyze_first_part
    self._parse_struct_var_modifiers_functions(contract)
  File "/usr/local/lib/python3.6/dist-packages/slither_analyzer-0.6.1-py3.6.egg/slither/solc_parsing/slitherSolc.py", line 345, in _parse_struct_var_modifiers_functions
    contract.parse_state_variables()
  File "/usr/local/lib/python3.6/dist-packages/slither_analyzer-0.6.1-py3.6.egg/slither/solc_parsing/declarations/contract.py", line 227, in parse_state_variables
    var = StateVariableSolc(varNotParsed)
  File "/usr/local/lib/python3.6/dist-packages/slither_analyzer-0.6.1-py3.6.egg/slither/solc_parsing/variables/variable_declaration.py", line 52, in __init__
    self._init_from_declaration(var, var['value'])
KeyError: 'value'

