line 389:41 missing ';' at '{'
line 389:47 no viable alternative at input 'value:'
line 479:61 missing ';' at '{'
line 479:67 no viable alternative at input 'value:'
line 747:0 extraneous input 'abstract' expecting {<EOF>, 'pragma', 'import', 'contract', 'interface', 'library'}
line 1135:15 missing ';' at '('
line 1135:32 missing ';' at '('
ANTLR runtime and generated code versions disagree: 4.9.2!=4.7.2
ANTLR runtime and generated code versions disagree: 4.9.2!=4.7.2
line 1135:49 mismatched input ')' expecting ';'
line 1135:57 extraneous input ')' expecting ';'
line 1156:15 missing ';' at '('
line 1156:32 missing ';' at '('
line 1156:49 mismatched input ')' expecting ';'
line 1156:57 extraneous input ')' expecting ';'
line 1929:31 missing ';' at '{'
line 1929:37 no viable alternative at input 'value:'
line 1949:33 missing ';' at '('
line 1949:45 mismatched input ',' expecting ';'
line 1963:33 missing ';' at '('
line 1963:45 mismatched input ',' expecting ';'
line 2186:0 extraneous input 'abstract' expecting {<EOF>, 'pragma', 'import', 'contract', 'interface', 'library'}
line 2502:40 missing ';' at '{'
line 2502:46 no viable alternative at input 'value:'
line 2616:15 missing ';' at '('
line 2616:31 extraneous input 'type' expecting {'~', 'from', '(', '[', 'address', 'calldata', 'var', 'bool', 'string', 'byte', '++', '--', 'new', '+', '-', 'after', 'delete', '!', Int, Uint, Byte, Fixed, Ufixed, BooleanLiteral, DecimalNumber, HexNumber, HexLiteral, Identifier, StringLiteral}
line 2616:48 mismatched input ',' expecting ';'
line 2616:56 extraneous input ')' expecting ';'
line 2959:12 mismatched input '(' expecting {'from', 'calldata', 'constant', 'internal', 'private', 'public', Identifier}
line 2960:14 mismatched input '(' expecting {'from', 'calldata', 'constant', 'internal', 'private', 'public', Identifier}
line 2980:0 extraneous input '}' expecting {<EOF>, 'pragma', 'import', 'contract', 'interface', 'library'}
Traceback (most recent call last):
  File "conkas.py", line 143, in <module>
    main()
  File "conkas.py", line 80, in main
    solc_version = get_solc_version_string(file)
  File "conkas.py", line 21, in get_solc_version_string
    parsed = parse(file.read().decode('utf-8'))
  File "/usr/local/lib/python3.8/dist-packages/solidity_parser/parser.py", line 1023, in parse
    return ast.visit(getattr(parser, start)())
  File "/usr/local/lib/python3.8/dist-packages/solidity_parser/parser.py", line 92, in visit
    return super().visit(tree)
  File "/usr/local/lib/python3.8/dist-packages/antlr4/tree/Tree.py", line 34, in visit
    return tree.accept(self)
  File "/usr/local/lib/python3.8/dist-packages/solidity_parser/solidity_antlr4/SolidityParser.py", line 842, in accept
    return visitor.visitSourceUnit(self)
  File "/usr/local/lib/python3.8/dist-packages/solidity_parser/parser.py", line 114, in visitSourceUnit
    children=self.visit(ctx.children[:-1]))  # skip EOF
  File "/usr/local/lib/python3.8/dist-packages/solidity_parser/parser.py", line 90, in visit
    return self._visit_nodes(tree)
  File "/usr/local/lib/python3.8/dist-packages/solidity_parser/parser.py", line 104, in _visit_nodes
    childResult = c.accept(self)
  File "/usr/local/lib/python3.8/dist-packages/solidity_parser/solidity_antlr4/SolidityParser.py", line 1475, in accept
    return visitor.visitContractDefinition(self)
  File "/usr/local/lib/python3.8/dist-packages/solidity_parser/parser.py", line 995, in visitContractDefinition
    subNodes=self.visit(ctx.contractPart()),
  File "/usr/local/lib/python3.8/dist-packages/solidity_parser/parser.py", line 90, in visit
    return self._visit_nodes(tree)
  File "/usr/local/lib/python3.8/dist-packages/solidity_parser/parser.py", line 104, in _visit_nodes
    childResult = c.accept(self)
  File "/usr/local/lib/python3.8/dist-packages/solidity_parser/solidity_antlr4/SolidityParser.py", line 1673, in accept
    return visitor.visitContractPart(self)
  File "/usr/local/lib/python3.8/dist-packages/solidity_parser/parser.py", line 144, in visitContractPart
    return self.visit(ctx.children[0])
  File "/usr/local/lib/python3.8/dist-packages/solidity_parser/parser.py", line 92, in visit
    return super().visit(tree)
  File "/usr/local/lib/python3.8/dist-packages/antlr4/tree/Tree.py", line 34, in visit
    return tree.accept(self)
  File "/usr/local/lib/python3.8/dist-packages/solidity_parser/solidity_antlr4/SolidityParser.py", line 2247, in accept
    return visitor.visitFunctionDefinition(self)
  File "/usr/local/lib/python3.8/dist-packages/solidity_parser/parser.py", line 183, in visitFunctionDefinition
    block = self.visit(ctx.block()) if ctx.block() else []
  File "/usr/local/lib/python3.8/dist-packages/solidity_parser/parser.py", line 92, in visit
    return super().visit(tree)
  File "/usr/local/lib/python3.8/dist-packages/antlr4/tree/Tree.py", line 34, in visit
    return tree.accept(self)
  File "/usr/local/lib/python3.8/dist-packages/solidity_parser/solidity_antlr4/SolidityParser.py", line 3659, in accept
    return visitor.visitBlock(self)
  File "/usr/local/lib/python3.8/dist-packages/solidity_parser/parser.py", line 409, in visitBlock
    statements=self.visit(ctx.statement()))
  File "/usr/local/lib/python3.8/dist-packages/solidity_parser/parser.py", line 90, in visit
    return self._visit_nodes(tree)
  File "/usr/local/lib/python3.8/dist-packages/solidity_parser/parser.py", line 104, in _visit_nodes
    childResult = c.accept(self)
  File "/usr/local/lib/python3.8/dist-packages/solidity_parser/solidity_antlr4/SolidityParser.py", line 3763, in accept
    return visitor.visitStatement(self)
  File "/usr/local/lib/python3.8/dist-packages/solidity_parser/parser.py", line 447, in visitStatement
    return self.visit(ctx.getChild(0))
  File "/usr/local/lib/python3.8/dist-packages/solidity_parser/parser.py", line 92, in visit
    return super().visit(tree)
  File "/usr/local/lib/python3.8/dist-packages/antlr4/tree/Tree.py", line 34, in visit
    return tree.accept(self)
  File "/usr/local/lib/python3.8/dist-packages/solidity_parser/solidity_antlr4/SolidityParser.py", line 3659, in accept
    return visitor.visitBlock(self)
  File "/usr/local/lib/python3.8/dist-packages/solidity_parser/parser.py", line 409, in visitBlock
    statements=self.visit(ctx.statement()))
  File "/usr/local/lib/python3.8/dist-packages/solidity_parser/parser.py", line 90, in visit
    return self._visit_nodes(tree)
  File "/usr/local/lib/python3.8/dist-packages/solidity_parser/parser.py", line 104, in _visit_nodes
    childResult = c.accept(self)
  File "/usr/local/lib/python3.8/dist-packages/solidity_parser/solidity_antlr4/SolidityParser.py", line 3763, in accept
    return visitor.visitStatement(self)
  File "/usr/local/lib/python3.8/dist-packages/solidity_parser/parser.py", line 447, in visitStatement
    return self.visit(ctx.getChild(0))
  File "/usr/local/lib/python3.8/dist-packages/solidity_parser/parser.py", line 92, in visit
    return super().visit(tree)
  File "/usr/local/lib/python3.8/dist-packages/antlr4/tree/Tree.py", line 34, in visit
    return tree.accept(self)
  File "/usr/local/lib/python3.8/dist-packages/solidity_parser/solidity_antlr4/SolidityParser.py", line 4057, in accept
    return visitor.visitSimpleStatement(self)
  File "/usr/local/lib/python3.8/dist-packages/solidity_parser/parser.py", line 450, in visitSimpleStatement
    return self.visit(ctx.getChild(0))
  File "/usr/local/lib/python3.8/dist-packages/antlr4/ParserRuleContext.py", line 116, in getChild
    return self.children[i] if len(self.children)>i else None
TypeError: object of type 'NoneType' has no len()
